#-----------------------------------------------------------
# Vivado v2019.2 (64-bit)
# SW Build 2708876 on Wed Nov  6 21:40:23 MST 2019
# IP Build 2700528 on Thu Nov  7 00:09:20 MST 2019
# Start of session at: Wed Jul  8 23:12:45 2020
# Process ID: 16036
# Current directory: D:/LongSon/pipeline_5stage/pipeline
# Command line: vivado.exe -gui_launcher_event rodinguilauncherevent33236 D:\LongSon\pipeline_5stage\pipeline\pipeline.xpr
# Log file: D:/LongSon/pipeline_5stage/pipeline/vivado.log
# Journal file: D:/LongSon/pipeline_5stage/pipeline\vivado.jou
#-----------------------------------------------------------
start_gui
open_project D:/LongSon/pipeline_5stage/pipeline/pipeline.xpr
Scanning sources...
Finished scanning sources
INFO: [IP_Flow 19-234] Refreshing IP repositories
INFO: [IP_Flow 19-1704] No user IP repositories specified
INFO: [IP_Flow 19-2313] Loaded Vivado IP repository 'E:/vivado2019.2/Vivado/2019.2/data/ip'.
open_project: Time (s): cpu = 00:00:10 ; elapsed = 00:00:05 . Memory (MB): peak = 864.148 ; gain = 201.777
update_compile_order -fileset sources_1
exit
INFO: [Common 17-206] Exiting Vivado at Thu Jul  9 00:09:20 2020...
